2023-12-07 16:58:08,900 [Worker-3: Loading available Gradle versions] INFO  o.e.b.c.i.u.g.PublishedGradleVersions - Gradle version information cache is out-of-date. Trying to update.
2023-12-07 16:59:30,249 [Worker-0: Building] INFO  o.e.m.c.i.l.LifecycleMappingFactory - Using org.eclipse.m2e.jdt.JarLifecycleMapping lifecycle mapping for MavenProject: com.simplilearn.webapp:phase1-jdbc-webapp-04-12-2023:0.0.1-SNAPSHOT @ C:\Users\shiva\git\phase1-jdbc-webapp-04-12-2023\pom.xml.
2023-12-07 16:59:30,461 [Worker-0: Building] WARN  o.e.m.c.i.embedder.EclipseLogger - The artifact mysql:mysql-connector-java:jar:8.0.33 has been relocated to com.mysql:mysql-connector-j:jar:8.0.33: MySQL Connector/J artifacts moved to reverse-DNS compliant Maven 2+ coordinates.
2023-12-07 16:59:31,515 [Worker-0: Building] WARN  o.a.m.s.f.DefaultMavenResourcesFiltering - Using platform encoding (UTF-8 actually) to copy filtered resources, i.e. build is platform dependent!
2023-12-07 16:59:31,516 [Worker-0: Building] INFO  o.a.m.s.f.DefaultMavenResourcesFiltering - skip non existing resourceDirectory C:\Users\shiva\git\phase1-jdbc-webapp-04-12-2023\src\main\resources
2023-12-07 16:59:31,522 [Worker-0: Building] WARN  o.a.m.s.f.DefaultMavenResourcesFiltering - Using platform encoding (UTF-8 actually) to copy filtered resources, i.e. build is platform dependent!
2023-12-07 16:59:31,522 [Worker-0: Building] INFO  o.a.m.s.f.DefaultMavenResourcesFiltering - skip non existing resourceDirectory C:\Users\shiva\git\phase1-jdbc-webapp-04-12-2023\src\test\resources
2023-12-07 17:22:58,432 [Worker-1: Loading available Gradle versions] INFO  o.e.b.c.i.u.g.PublishedGradleVersions - Gradle version information cache is up-to-date. Trying to read.
2023-12-07 17:31:30,524 [Worker-27: Updating Maven Project] INFO  o.e.m.c.i.p.ProjectConfigurationManager - Update started
2023-12-07 17:31:31,207 [Worker-27: Updating Maven Project] INFO  o.e.m.c.i.l.LifecycleMappingFactory - Using org.eclipse.m2e.jdt.JarLifecycleMapping lifecycle mapping for MavenProject: com.simplilearn.webapp:phase1-jdbc-webapp-04-12-2023:0.0.1-SNAPSHOT @ C:\Users\shiva\git\phase1-jdbc-webapp-04-12-2023\pom.xml.
2023-12-07 17:31:31,245 [Worker-27: Updating Maven Project] WARN  o.e.m.c.i.embedder.EclipseLogger - The artifact mysql:mysql-connector-java:jar:8.0.33 has been relocated to com.mysql:mysql-connector-j:jar:8.0.33: MySQL Connector/J artifacts moved to reverse-DNS compliant Maven 2+ coordinates.
2023-12-07 17:31:31,467 [Worker-27: Updating Maven Project] INFO  o.e.m.j.i.AbstractJavaProjectConfigurator - Adding source folder /phase1-jdbc-webapp-04-12-2023/src/main/java
2023-12-07 17:31:31,467 [Worker-27: Updating Maven Project] INFO  o.e.m.j.i.AbstractJavaProjectConfigurator - Adding resource folder /phase1-jdbc-webapp-04-12-2023/src/main/resources
2023-12-07 17:31:31,467 [Worker-27: Updating Maven Project] INFO  o.e.m.j.i.AbstractJavaProjectConfigurator - Adding source folder /phase1-jdbc-webapp-04-12-2023/src/test/java
2023-12-07 17:31:31,467 [Worker-27: Updating Maven Project] INFO  o.e.m.j.i.AbstractJavaProjectConfigurator - Adding resource folder /phase1-jdbc-webapp-04-12-2023/src/test/resources
2023-12-07 17:31:32,433 [Worker-27: Updating Maven Project] INFO  o.e.m.c.i.p.ProjectConfigurationManager - Update completed for 1 poms: local refresh takes 0.00 sec, refresh facades takes 0.00 sec, update config takes 0.00 sec 
2023-12-07 17:31:32,967 [Worker-20: Building] WARN  o.a.m.s.f.DefaultMavenResourcesFiltering - Using platform encoding (UTF-8 actually) to copy filtered resources, i.e. build is platform dependent!
2023-12-07 17:31:32,968 [Worker-20: Building] INFO  o.a.m.s.f.DefaultMavenResourcesFiltering - skip non existing resourceDirectory C:\Users\shiva\git\phase1-jdbc-webapp-04-12-2023\src\main\resources
2023-12-07 17:31:32,974 [Worker-20: Building] WARN  o.a.m.s.f.DefaultMavenResourcesFiltering - Using platform encoding (UTF-8 actually) to copy filtered resources, i.e. build is platform dependent!
2023-12-07 17:31:32,974 [Worker-20: Building] INFO  o.a.m.s.f.DefaultMavenResourcesFiltering - skip non existing resourceDirectory C:\Users\shiva\git\phase1-jdbc-webapp-04-12-2023\src\test\resources
2023-12-07 17:39:43,120 [Worker-27: Updating Maven Project] INFO  o.e.m.c.i.p.ProjectConfigurationManager - Update started
2023-12-07 17:39:43,485 [Worker-27: Updating Maven Project] INFO  o.e.m.c.i.l.LifecycleMappingFactory - Using org.eclipse.m2e.jdt.JarLifecycleMapping lifecycle mapping for MavenProject: com.simplilearn.webapp:phase1-jdbc-webapp-04-12-2023:0.0.1-SNAPSHOT @ C:\Users\shiva\git\phase1-jdbc-webapp-04-12-2023\pom.xml.
2023-12-07 17:39:43,512 [Worker-27: Updating Maven Project] WARN  o.e.m.c.i.embedder.EclipseLogger - The artifact mysql:mysql-connector-java:jar:8.0.33 has been relocated to com.mysql:mysql-connector-j:jar:8.0.33: MySQL Connector/J artifacts moved to reverse-DNS compliant Maven 2+ coordinates.
2023-12-07 17:39:43,662 [Worker-27: Updating Maven Project] INFO  o.e.m.j.i.AbstractJavaProjectConfigurator - Adding source folder /phase1-jdbc-webapp-04-12-2023/src/main/java
2023-12-07 17:39:43,662 [Worker-27: Updating Maven Project] INFO  o.e.m.j.i.AbstractJavaProjectConfigurator - Adding resource folder /phase1-jdbc-webapp-04-12-2023/src/main/resources
2023-12-07 17:39:43,662 [Worker-27: Updating Maven Project] INFO  o.e.m.j.i.AbstractJavaProjectConfigurator - Adding source folder /phase1-jdbc-webapp-04-12-2023/src/test/java
2023-12-07 17:39:43,662 [Worker-27: Updating Maven Project] INFO  o.e.m.j.i.AbstractJavaProjectConfigurator - Adding resource folder /phase1-jdbc-webapp-04-12-2023/src/test/resources
2023-12-07 17:39:43,784 [Worker-27: Updating Maven Project] INFO  o.e.m.c.i.p.ProjectConfigurationManager - Update completed for 1 poms: local refresh takes 0.00 sec, refresh facades takes 0.00 sec, update config takes 0.00 sec 
2023-12-07 17:39:44,138 [Worker-35: Building] WARN  o.a.m.s.f.DefaultMavenResourcesFiltering - Using platform encoding (UTF-8 actually) to copy filtered resources, i.e. build is platform dependent!
2023-12-07 17:39:44,139 [Worker-35: Building] INFO  o.a.m.s.f.DefaultMavenResourcesFiltering - skip non existing resourceDirectory C:\Users\shiva\git\phase1-jdbc-webapp-04-12-2023\src\main\resources
2023-12-07 17:39:44,144 [Worker-35: Building] WARN  o.a.m.s.f.DefaultMavenResourcesFiltering - Using platform encoding (UTF-8 actually) to copy filtered resources, i.e. build is platform dependent!
2023-12-07 17:39:44,145 [Worker-35: Building] INFO  o.a.m.s.f.DefaultMavenResourcesFiltering - skip non existing resourceDirectory C:\Users\shiva\git\phase1-jdbc-webapp-04-12-2023\src\test\resources
2023-12-07 17:42:34,332 [Worker-36: Launching Executing install in C__Users_shiva_git_phase1-jdbc-webapp-04-12-2023] INFO  o.eclipse.m2e.core.internal.Bundles - getClasspathEntries(Bundle=org.eclipse.m2e.maven.runtime_3.9.500.20231113-2345 [295])
2023-12-07 17:42:34,333 [Worker-36: Launching Executing install in C__Users_shiva_git_phase1-jdbc-webapp-04-12-2023] INFO  o.eclipse.m2e.core.internal.Bundles - 	Entry: C:\Users\shiva\.p2\pool\plugins\org.eclipse.m2e.maven.runtime_3.9.500.20231113-2345
2023-12-07 17:42:34,333 [Worker-36: Launching Executing install in C__Users_shiva_git_phase1-jdbc-webapp-04-12-2023] INFO  o.eclipse.m2e.core.internal.Bundles - 	Entry: C:\Users\shiva\.p2\pool\plugins\org.eclipse.m2e.maven.runtime_3.9.500.20231113-2345\jars\aopalliance-1.0.jar
2023-12-07 17:42:34,334 [Worker-36: Launching Executing install in C__Users_shiva_git_phase1-jdbc-webapp-04-12-2023] INFO  o.eclipse.m2e.core.internal.Bundles - 	Entry: C:\Users\shiva\.p2\pool\plugins\org.eclipse.m2e.maven.runtime_3.9.500.20231113-2345\jars\guice-5.1.0.jar
2023-12-07 17:42:34,334 [Worker-36: Launching Executing install in C__Users_shiva_git_phase1-jdbc-webapp-04-12-2023] INFO  o.eclipse.m2e.core.internal.Bundles - 	Entry: C:\Users\shiva\.p2\pool\plugins\org.eclipse.m2e.maven.runtime_3.9.500.20231113-2345\jars\httpclient-4.5.14.jar
2023-12-07 17:42:34,334 [Worker-36: Launching Executing install in C__Users_shiva_git_phase1-jdbc-webapp-04-12-2023] INFO  o.eclipse.m2e.core.internal.Bundles - 	Entry: C:\Users\shiva\.p2\pool\plugins\org.eclipse.m2e.maven.runtime_3.9.500.20231113-2345\jars\httpcore-4.4.16.jar
2023-12-07 17:42:34,334 [Worker-36: Launching Executing install in C__Users_shiva_git_phase1-jdbc-webapp-04-12-2023] INFO  o.eclipse.m2e.core.internal.Bundles - 	Entry: C:\Users\shiva\.p2\pool\plugins\org.eclipse.m2e.maven.runtime_3.9.500.20231113-2345\jars\jansi-2.4.0.jar
2023-12-07 17:42:34,334 [Worker-36: Launching Executing install in C__Users_shiva_git_phase1-jdbc-webapp-04-12-2023] INFO  o.eclipse.m2e.core.internal.Bundles - 	Entry: C:\Users\shiva\.p2\pool\plugins\org.eclipse.m2e.maven.runtime_3.9.500.20231113-2345\jars\jcl-over-slf4j-1.7.36.jar
2023-12-07 17:42:34,334 [Worker-36: Launching Executing install in C__Users_shiva_git_phase1-jdbc-webapp-04-12-2023] INFO  o.eclipse.m2e.core.internal.Bundles - 	Entry: C:\Users\shiva\.p2\pool\plugins\org.eclipse.m2e.maven.runtime_3.9.500.20231113-2345\jars\maven-artifact-3.9.5.jar
2023-12-07 17:42:34,334 [Worker-36: Launching Executing install in C__Users_shiva_git_phase1-jdbc-webapp-04-12-2023] INFO  o.eclipse.m2e.core.internal.Bundles - 	Entry: C:\Users\shiva\.p2\pool\plugins\org.eclipse.m2e.maven.runtime_3.9.500.20231113-2345\jars\maven-builder-support-3.9.5.jar
2023-12-07 17:42:34,334 [Worker-36: Launching Executing install in C__Users_shiva_git_phase1-jdbc-webapp-04-12-2023] INFO  o.eclipse.m2e.core.internal.Bundles - 	Entry: C:\Users\shiva\.p2\pool\plugins\org.eclipse.m2e.maven.runtime_3.9.500.20231113-2345\jars\maven-compat-3.9.5.jar
2023-12-07 17:42:34,335 [Worker-36: Launching Executing install in C__Users_shiva_git_phase1-jdbc-webapp-04-12-2023] INFO  o.eclipse.m2e.core.internal.Bundles - 	Entry: C:\Users\shiva\.p2\pool\plugins\org.eclipse.m2e.maven.runtime_3.9.500.20231113-2345\jars\maven-core-3.9.5.jar
2023-12-07 17:42:34,335 [Worker-36: Launching Executing install in C__Users_shiva_git_phase1-jdbc-webapp-04-12-2023] INFO  o.eclipse.m2e.core.internal.Bundles - 	Entry: C:\Users\shiva\.p2\pool\plugins\org.eclipse.m2e.maven.runtime_3.9.500.20231113-2345\jars\maven-embedder-3.9.5.jar
2023-12-07 17:42:34,335 [Worker-36: Launching Executing install in C__Users_shiva_git_phase1-jdbc-webapp-04-12-2023] INFO  o.eclipse.m2e.core.internal.Bundles - 	Entry: C:\Users\shiva\.p2\pool\plugins\org.eclipse.m2e.maven.runtime_3.9.500.20231113-2345\jars\maven-model-3.9.5.jar
2023-12-07 17:42:34,335 [Worker-36: Launching Executing install in C__Users_shiva_git_phase1-jdbc-webapp-04-12-2023] INFO  o.eclipse.m2e.core.internal.Bundles - 	Entry: C:\Users\shiva\.p2\pool\plugins\org.eclipse.m2e.maven.runtime_3.9.500.20231113-2345\jars\maven-model-builder-3.9.5.jar
2023-12-07 17:42:34,335 [Worker-36: Launching Executing install in C__Users_shiva_git_phase1-jdbc-webapp-04-12-2023] INFO  o.eclipse.m2e.core.internal.Bundles - 	Entry: C:\Users\shiva\.p2\pool\plugins\org.eclipse.m2e.maven.runtime_3.9.500.20231113-2345\jars\maven-plugin-api-3.9.5.jar
2023-12-07 17:42:34,335 [Worker-36: Launching Executing install in C__Users_shiva_git_phase1-jdbc-webapp-04-12-2023] INFO  o.eclipse.m2e.core.internal.Bundles - 	Entry: C:\Users\shiva\.p2\pool\plugins\org.eclipse.m2e.maven.runtime_3.9.500.20231113-2345\jars\maven-repository-metadata-3.9.5.jar
2023-12-07 17:42:34,336 [Worker-36: Launching Executing install in C__Users_shiva_git_phase1-jdbc-webapp-04-12-2023] INFO  o.eclipse.m2e.core.internal.Bundles - 	Entry: C:\Users\shiva\.p2\pool\plugins\org.eclipse.m2e.maven.runtime_3.9.500.20231113-2345\jars\maven-resolver-api-1.9.16.jar
2023-12-07 17:42:34,336 [Worker-36: Launching Executing install in C__Users_shiva_git_phase1-jdbc-webapp-04-12-2023] INFO  o.eclipse.m2e.core.internal.Bundles - 	Entry: C:\Users\shiva\.p2\pool\plugins\org.eclipse.m2e.maven.runtime_3.9.500.20231113-2345\jars\maven-resolver-connector-basic-1.9.16.jar
2023-12-07 17:42:34,336 [Worker-36: Launching Executing install in C__Users_shiva_git_phase1-jdbc-webapp-04-12-2023] INFO  o.eclipse.m2e.core.internal.Bundles - 	Entry: C:\Users\shiva\.p2\pool\plugins\org.eclipse.m2e.maven.runtime_3.9.500.20231113-2345\jars\maven-resolver-impl-1.9.16.jar
2023-12-07 17:42:34,336 [Worker-36: Launching Executing install in C__Users_shiva_git_phase1-jdbc-webapp-04-12-2023] INFO  o.eclipse.m2e.core.internal.Bundles - 	Entry: C:\Users\shiva\.p2\pool\plugins\org.eclipse.m2e.maven.runtime_3.9.500.20231113-2345\jars\maven-resolver-named-locks-1.9.16.jar
2023-12-07 17:42:34,336 [Worker-36: Launching Executing install in C__Users_shiva_git_phase1-jdbc-webapp-04-12-2023] INFO  o.eclipse.m2e.core.internal.Bundles - 	Entry: C:\Users\shiva\.p2\pool\plugins\org.eclipse.m2e.maven.runtime_3.9.500.20231113-2345\jars\maven-resolver-provider-3.9.5.jar
2023-12-07 17:42:34,336 [Worker-36: Launching Executing install in C__Users_shiva_git_phase1-jdbc-webapp-04-12-2023] INFO  o.eclipse.m2e.core.internal.Bundles - 	Entry: C:\Users\shiva\.p2\pool\plugins\org.eclipse.m2e.maven.runtime_3.9.500.20231113-2345\jars\maven-resolver-spi-1.9.16.jar
2023-12-07 17:42:34,336 [Worker-36: Launching Executing install in C__Users_shiva_git_phase1-jdbc-webapp-04-12-2023] INFO  o.eclipse.m2e.core.internal.Bundles - 	Entry: C:\Users\shiva\.p2\pool\plugins\org.eclipse.m2e.maven.runtime_3.9.500.20231113-2345\jars\maven-resolver-transport-file-1.9.16.jar
2023-12-07 17:42:34,336 [Worker-36: Launching Executing install in C__Users_shiva_git_phase1-jdbc-webapp-04-12-2023] INFO  o.eclipse.m2e.core.internal.Bundles - 	Entry: C:\Users\shiva\.p2\pool\plugins\org.eclipse.m2e.maven.runtime_3.9.500.20231113-2345\jars\maven-resolver-transport-http-1.9.16.jar
2023-12-07 17:42:34,336 [Worker-36: Launching Executing install in C__Users_shiva_git_phase1-jdbc-webapp-04-12-2023] INFO  o.eclipse.m2e.core.internal.Bundles - 	Entry: C:\Users\shiva\.p2\pool\plugins\org.eclipse.m2e.maven.runtime_3.9.500.20231113-2345\jars\maven-resolver-transport-wagon-1.9.16.jar
2023-12-07 17:42:34,337 [Worker-36: Launching Executing install in C__Users_shiva_git_phase1-jdbc-webapp-04-12-2023] INFO  o.eclipse.m2e.core.internal.Bundles - 	Entry: C:\Users\shiva\.p2\pool\plugins\org.eclipse.m2e.maven.runtime_3.9.500.20231113-2345\jars\maven-resolver-util-1.9.16.jar
2023-12-07 17:42:34,337 [Worker-36: Launching Executing install in C__Users_shiva_git_phase1-jdbc-webapp-04-12-2023] INFO  o.eclipse.m2e.core.internal.Bundles - 	Entry: C:\Users\shiva\.p2\pool\plugins\org.eclipse.m2e.maven.runtime_3.9.500.20231113-2345\jars\maven-settings-3.9.5.jar
2023-12-07 17:42:34,337 [Worker-36: Launching Executing install in C__Users_shiva_git_phase1-jdbc-webapp-04-12-2023] INFO  o.eclipse.m2e.core.internal.Bundles - 	Entry: C:\Users\shiva\.p2\pool\plugins\org.eclipse.m2e.maven.runtime_3.9.500.20231113-2345\jars\maven-settings-builder-3.9.5.jar
2023-12-07 17:42:34,337 [Worker-36: Launching Executing install in C__Users_shiva_git_phase1-jdbc-webapp-04-12-2023] INFO  o.eclipse.m2e.core.internal.Bundles - 	Entry: C:\Users\shiva\.p2\pool\plugins\org.eclipse.m2e.maven.runtime_3.9.500.20231113-2345\jars\maven-shared-utils-3.3.4.jar
2023-12-07 17:42:34,337 [Worker-36: Launching Executing install in C__Users_shiva_git_phase1-jdbc-webapp-04-12-2023] INFO  o.eclipse.m2e.core.internal.Bundles - 	Entry: C:\Users\shiva\.p2\pool\plugins\org.eclipse.m2e.maven.runtime_3.9.500.20231113-2345\jars\org.eclipse.sisu.inject-0.3.5.jar
2023-12-07 17:42:34,337 [Worker-36: Launching Executing install in C__Users_shiva_git_phase1-jdbc-webapp-04-12-2023] INFO  o.eclipse.m2e.core.internal.Bundles - 	Entry: C:\Users\shiva\.p2\pool\plugins\org.eclipse.m2e.maven.runtime_3.9.500.20231113-2345\jars\org.eclipse.sisu.plexus-0.3.5.jar
2023-12-07 17:42:34,337 [Worker-36: Launching Executing install in C__Users_shiva_git_phase1-jdbc-webapp-04-12-2023] INFO  o.eclipse.m2e.core.internal.Bundles - 	Entry: C:\Users\shiva\.p2\pool\plugins\org.eclipse.m2e.maven.runtime_3.9.500.20231113-2345\jars\plexus-build-api-0.0.7.jar
2023-12-07 17:42:34,337 [Worker-36: Launching Executing install in C__Users_shiva_git_phase1-jdbc-webapp-04-12-2023] INFO  o.eclipse.m2e.core.internal.Bundles - 	Entry: C:\Users\shiva\.p2\pool\plugins\org.eclipse.m2e.maven.runtime_3.9.500.20231113-2345\jars\plexus-cipher-2.0.jar
2023-12-07 17:42:34,337 [Worker-36: Launching Executing install in C__Users_shiva_git_phase1-jdbc-webapp-04-12-2023] INFO  o.eclipse.m2e.core.internal.Bundles - 	Entry: C:\Users\shiva\.p2\pool\plugins\org.eclipse.m2e.maven.runtime_3.9.500.20231113-2345\jars\plexus-classworlds-2.7.0.jar
2023-12-07 17:42:34,337 [Worker-36: Launching Executing install in C__Users_shiva_git_phase1-jdbc-webapp-04-12-2023] INFO  o.eclipse.m2e.core.internal.Bundles - 	Entry: C:\Users\shiva\.p2\pool\plugins\org.eclipse.m2e.maven.runtime_3.9.500.20231113-2345\jars\plexus-component-annotations-2.1.0.jar
2023-12-07 17:42:34,337 [Worker-36: Launching Executing install in C__Users_shiva_git_phase1-jdbc-webapp-04-12-2023] INFO  o.eclipse.m2e.core.internal.Bundles - 	Entry: C:\Users\shiva\.p2\pool\plugins\org.eclipse.m2e.maven.runtime_3.9.500.20231113-2345\jars\plexus-interpolation-1.26.jar
2023-12-07 17:42:34,337 [Worker-36: Launching Executing install in C__Users_shiva_git_phase1-jdbc-webapp-04-12-2023] INFO  o.eclipse.m2e.core.internal.Bundles - 	Entry: C:\Users\shiva\.p2\pool\plugins\org.eclipse.m2e.maven.runtime_3.9.500.20231113-2345\jars\plexus-sec-dispatcher-2.0.jar
2023-12-07 17:42:34,338 [Worker-36: Launching Executing install in C__Users_shiva_git_phase1-jdbc-webapp-04-12-2023] INFO  o.eclipse.m2e.core.internal.Bundles - 	Entry: C:\Users\shiva\.p2\pool\plugins\org.eclipse.m2e.maven.runtime_3.9.500.20231113-2345\jars\plexus-utils-3.5.1.jar
2023-12-07 17:42:34,338 [Worker-36: Launching Executing install in C__Users_shiva_git_phase1-jdbc-webapp-04-12-2023] INFO  o.eclipse.m2e.core.internal.Bundles - 	Entry: C:\Users\shiva\.p2\pool\plugins\org.eclipse.m2e.maven.runtime_3.9.500.20231113-2345\jars\wagon-file-3.5.3.jar
2023-12-07 17:42:34,338 [Worker-36: Launching Executing install in C__Users_shiva_git_phase1-jdbc-webapp-04-12-2023] INFO  o.eclipse.m2e.core.internal.Bundles - 	Entry: C:\Users\shiva\.p2\pool\plugins\org.eclipse.m2e.maven.runtime_3.9.500.20231113-2345\jars\wagon-http-3.5.3.jar
2023-12-07 17:42:34,338 [Worker-36: Launching Executing install in C__Users_shiva_git_phase1-jdbc-webapp-04-12-2023] INFO  o.eclipse.m2e.core.internal.Bundles - 	Entry: C:\Users\shiva\.p2\pool\plugins\org.eclipse.m2e.maven.runtime_3.9.500.20231113-2345\jars\wagon-http-shared-3.5.3.jar
2023-12-07 17:42:34,338 [Worker-36: Launching Executing install in C__Users_shiva_git_phase1-jdbc-webapp-04-12-2023] INFO  o.eclipse.m2e.core.internal.Bundles - 	Entry: C:\Users\shiva\.p2\pool\plugins\org.eclipse.m2e.maven.runtime_3.9.500.20231113-2345\jars\wagon-provider-api-3.5.3.jar
2023-12-07 17:42:34,339 [Worker-36: Launching Executing install in C__Users_shiva_git_phase1-jdbc-webapp-04-12-2023] INFO  o.eclipse.m2e.core.internal.Bundles - getClasspathEntries(Bundle=com.google.guava_32.1.3.jre [10])
2023-12-07 17:42:34,341 [Worker-36: Launching Executing install in C__Users_shiva_git_phase1-jdbc-webapp-04-12-2023] INFO  o.eclipse.m2e.core.internal.Bundles - 	Entry: C:\Users\shiva\.p2\pool\plugins\com.google.guava_32.1.3.jre.jar
2023-12-07 17:42:34,341 [Worker-36: Launching Executing install in C__Users_shiva_git_phase1-jdbc-webapp-04-12-2023] INFO  o.eclipse.m2e.core.internal.Bundles - getClasspathEntries(Bundle=slf4j.api_2.0.9 [515])
2023-12-07 17:42:34,341 [Worker-36: Launching Executing install in C__Users_shiva_git_phase1-jdbc-webapp-04-12-2023] INFO  o.eclipse.m2e.core.internal.Bundles - 	Entry: C:\Users\shiva\.p2\pool\plugins\slf4j.api_2.0.9.jar
2023-12-07 17:42:34,341 [Worker-36: Launching Executing install in C__Users_shiva_git_phase1-jdbc-webapp-04-12-2023] INFO  o.eclipse.m2e.core.internal.Bundles - getClasspathEntries(Bundle=jakarta.inject.jakarta.inject-api_1.0.5 [22])
2023-12-07 17:42:34,341 [Worker-36: Launching Executing install in C__Users_shiva_git_phase1-jdbc-webapp-04-12-2023] INFO  o.eclipse.m2e.core.internal.Bundles - 	Entry: C:\Users\shiva\.p2\pool\plugins\jakarta.inject.jakarta.inject-api_1.0.5.jar
2023-12-07 17:42:34,341 [Worker-36: Launching Executing install in C__Users_shiva_git_phase1-jdbc-webapp-04-12-2023] INFO  o.eclipse.m2e.core.internal.Bundles - getClasspathEntries(Bundle=jakarta.annotation-api_1.3.5 [20])
2023-12-07 17:42:34,341 [Worker-36: Launching Executing install in C__Users_shiva_git_phase1-jdbc-webapp-04-12-2023] INFO  o.eclipse.m2e.core.internal.Bundles - 	Entry: C:\Users\shiva\.p2\pool\plugins\jakarta.annotation-api_1.3.5.jar
2023-12-07 17:42:34,341 [Worker-36: Launching Executing install in C__Users_shiva_git_phase1-jdbc-webapp-04-12-2023] INFO  o.eclipse.m2e.core.internal.Bundles - getClasspathEntries(Bundle=org.apache.commons.cli_1.6.0 [46])
2023-12-07 17:42:34,342 [Worker-36: Launching Executing install in C__Users_shiva_git_phase1-jdbc-webapp-04-12-2023] INFO  o.eclipse.m2e.core.internal.Bundles - 	Entry: C:\Users\shiva\.p2\pool\plugins\org.apache.commons.cli_1.6.0.jar
2023-12-07 17:42:34,342 [Worker-36: Launching Executing install in C__Users_shiva_git_phase1-jdbc-webapp-04-12-2023] INFO  o.eclipse.m2e.core.internal.Bundles - getClasspathEntries(Bundle=org.apache.commons.commons-codec_1.16.0 [48])
2023-12-07 17:42:34,342 [Worker-36: Launching Executing install in C__Users_shiva_git_phase1-jdbc-webapp-04-12-2023] INFO  o.eclipse.m2e.core.internal.Bundles - 	Entry: C:\Users\shiva\.p2\pool\plugins\org.apache.commons.commons-codec_1.16.0.jar
2023-12-07 17:42:34,342 [Worker-36: Launching Executing install in C__Users_shiva_git_phase1-jdbc-webapp-04-12-2023] INFO  o.eclipse.m2e.core.internal.Bundles - getClasspathEntries(Bundle=org.apache.commons.lang3_3.13.0 [53])
2023-12-07 17:42:34,342 [Worker-36: Launching Executing install in C__Users_shiva_git_phase1-jdbc-webapp-04-12-2023] INFO  o.eclipse.m2e.core.internal.Bundles - 	Entry: C:\Users\shiva\.p2\pool\plugins\org.apache.commons.lang3_3.13.0.jar
2023-12-07 17:42:34,342 [Worker-36: Launching Executing install in C__Users_shiva_git_phase1-jdbc-webapp-04-12-2023] INFO  o.eclipse.m2e.core.internal.Bundles - getClasspathEntries(Bundle=com.google.guava.failureaccess_1.0.2 [11])
2023-12-07 17:42:34,342 [Worker-36: Launching Executing install in C__Users_shiva_git_phase1-jdbc-webapp-04-12-2023] INFO  o.eclipse.m2e.core.internal.Bundles - 	Entry: C:\Users\shiva\.p2\pool\plugins\com.google.guava.failureaccess_1.0.2.jar
2023-12-07 17:42:34,348 [Worker-36: Launching Executing install in C__Users_shiva_git_phase1-jdbc-webapp-04-12-2023] INFO  o.e.m.i.launch.MavenLaunchDelegate - Run build in "C:\Users\shiva\git\phase1-jdbc-webapp-04-12-2023":
2023-12-07 17:42:34,352 [Worker-36: Launching Executing install in C__Users_shiva_git_phase1-jdbc-webapp-04-12-2023] INFO  o.e.m.i.launch.MavenLaunchDelegate -  mvn  -B -Dstyle.color=always install
2023-12-07 17:43:20,446 [Worker-37: Updating Maven Project] INFO  o.e.m.c.i.p.ProjectConfigurationManager - Update started
2023-12-07 17:43:20,822 [Worker-37: Updating Maven Project] INFO  o.e.m.c.i.l.LifecycleMappingFactory - Using org.eclipse.m2e.jdt.JarLifecycleMapping lifecycle mapping for MavenProject: com.simplilearn.webapp:phase1-jdbc-webapp-04-12-2023:0.0.1-SNAPSHOT @ C:\Users\shiva\git\phase1-jdbc-webapp-04-12-2023\pom.xml.
2023-12-07 17:43:20,846 [Worker-37: Updating Maven Project] WARN  o.e.m.c.i.embedder.EclipseLogger - The artifact mysql:mysql-connector-java:jar:8.0.33 has been relocated to com.mysql:mysql-connector-j:jar:8.0.33: MySQL Connector/J artifacts moved to reverse-DNS compliant Maven 2+ coordinates.
2023-12-07 17:43:20,983 [Worker-37: Updating Maven Project] INFO  o.e.m.j.i.AbstractJavaProjectConfigurator - Adding source folder /phase1-jdbc-webapp-04-12-2023/src/main/java
2023-12-07 17:43:20,984 [Worker-37: Updating Maven Project] INFO  o.e.m.j.i.AbstractJavaProjectConfigurator - Adding resource folder /phase1-jdbc-webapp-04-12-2023/src/main/resources
2023-12-07 17:43:20,984 [Worker-37: Updating Maven Project] INFO  o.e.m.j.i.AbstractJavaProjectConfigurator - Adding source folder /phase1-jdbc-webapp-04-12-2023/src/test/java
2023-12-07 17:43:20,984 [Worker-37: Updating Maven Project] INFO  o.e.m.j.i.AbstractJavaProjectConfigurator - Adding resource folder /phase1-jdbc-webapp-04-12-2023/src/test/resources
2023-12-07 17:43:21,115 [Worker-37: Updating Maven Project] INFO  o.e.m.c.i.p.ProjectConfigurationManager - Update completed for 1 poms: local refresh takes 0.00 sec, refresh facades takes 0.00 sec, update config takes 0.00 sec 
2023-12-07 17:43:21,323 [Worker-36: Building] WARN  o.a.m.s.f.DefaultMavenResourcesFiltering - Using platform encoding (UTF-8 actually) to copy filtered resources, i.e. build is platform dependent!
2023-12-07 17:43:21,324 [Worker-36: Building] INFO  o.a.m.s.f.DefaultMavenResourcesFiltering - skip non existing resourceDirectory C:\Users\shiva\git\phase1-jdbc-webapp-04-12-2023\src\main\resources
2023-12-07 17:43:21,329 [Worker-36: Building] WARN  o.a.m.s.f.DefaultMavenResourcesFiltering - Using platform encoding (UTF-8 actually) to copy filtered resources, i.e. build is platform dependent!
2023-12-07 17:43:21,330 [Worker-36: Building] INFO  o.a.m.s.f.DefaultMavenResourcesFiltering - skip non existing resourceDirectory C:\Users\shiva\git\phase1-jdbc-webapp-04-12-2023\src\test\resources
2023-12-07 17:46:46,701 [Worker-36: Updating Maven Project] INFO  o.e.m.c.i.p.ProjectConfigurationManager - Update started
2023-12-07 17:46:46,713 [Worker-36: Updating Maven Project] ERROR o.e.m.c.i.URLConnectionCaches - Unexpected URLConnection defaultUseCaches enabled
2023-12-07 17:46:47,051 [Worker-36: Updating Maven Project] INFO  o.e.m.c.i.l.LifecycleMappingFactory - Using org.eclipse.m2e.jdt.JarLifecycleMapping lifecycle mapping for MavenProject: com.simplilearn.webapp:phase1-jdbc-webapp-04-12-2023:0.0.1-SNAPSHOT @ C:\Users\shiva\git\phase1-jdbc-webapp-04-12-2023\pom.xml.
2023-12-07 17:46:47,077 [Worker-36: Updating Maven Project] WARN  o.e.m.c.i.embedder.EclipseLogger - The artifact mysql:mysql-connector-java:jar:8.0.33 has been relocated to com.mysql:mysql-connector-j:jar:8.0.33: MySQL Connector/J artifacts moved to reverse-DNS compliant Maven 2+ coordinates.
2023-12-07 17:46:47,123 [Worker-36: Updating Maven Project] ERROR o.e.m.c.i.URLConnectionCaches - Unexpected URLConnection defaultUseCaches enabled
2023-12-07 17:46:47,243 [Worker-36: Updating Maven Project] INFO  o.e.m.j.i.AbstractJavaProjectConfigurator - Adding source folder /phase1-jdbc-webapp-04-12-2023/src/main/java
2023-12-07 17:46:47,244 [Worker-36: Updating Maven Project] INFO  o.e.m.j.i.AbstractJavaProjectConfigurator - Adding resource folder /phase1-jdbc-webapp-04-12-2023/src/main/resources
2023-12-07 17:46:47,244 [Worker-36: Updating Maven Project] INFO  o.e.m.j.i.AbstractJavaProjectConfigurator - Adding source folder /phase1-jdbc-webapp-04-12-2023/src/test/java
2023-12-07 17:46:47,245 [Worker-36: Updating Maven Project] INFO  o.e.m.j.i.AbstractJavaProjectConfigurator - Adding resource folder /phase1-jdbc-webapp-04-12-2023/src/test/resources
2023-12-07 17:46:47,390 [Worker-36: Updating Maven Project] INFO  o.e.m.c.i.p.ProjectConfigurationManager - Update completed for 1 poms: local refresh takes 0.00 sec, refresh facades takes 0.00 sec, update config takes 0.00 sec 
2023-12-07 17:46:47,568 [Worker-33: Building] ERROR o.e.m.c.i.URLConnectionCaches - Unexpected URLConnection defaultUseCaches enabled
2023-12-07 17:46:47,588 [Worker-33: Building] WARN  o.a.m.s.f.DefaultMavenResourcesFiltering - Using platform encoding (UTF-8 actually) to copy filtered resources, i.e. build is platform dependent!
2023-12-07 17:46:47,589 [Worker-33: Building] INFO  o.a.m.s.f.DefaultMavenResourcesFiltering - skip non existing resourceDirectory C:\Users\shiva\git\phase1-jdbc-webapp-04-12-2023\src\main\resources
2023-12-07 17:46:47,594 [Worker-33: Building] WARN  o.a.m.s.f.DefaultMavenResourcesFiltering - Using platform encoding (UTF-8 actually) to copy filtered resources, i.e. build is platform dependent!
2023-12-07 17:46:47,596 [Worker-33: Building] INFO  o.a.m.s.f.DefaultMavenResourcesFiltering - skip non existing resourceDirectory C:\Users\shiva\git\phase1-jdbc-webapp-04-12-2023\src\test\resources
2023-12-07 18:05:05,462 [Worker-3: Loading available Gradle versions] INFO  o.e.b.c.i.u.g.PublishedGradleVersions - Gradle version information cache is up-to-date. Trying to read.
2023-12-07 18:08:30,369 [Worker-5: Loading available Gradle versions] INFO  o.e.b.c.i.u.g.PublishedGradleVersions - Gradle version information cache is up-to-date. Trying to read.
2023-12-07 18:10:44,565 [Worker-14: Updating Maven Project] INFO  o.e.m.c.i.p.ProjectConfigurationManager - Update started
2023-12-07 18:10:45,380 [Worker-14: Updating Maven Project] INFO  o.e.m.c.i.l.LifecycleMappingFactory - Using org.maven.ide.eclipse.wtp.WarLifecycleMapping lifecycle mapping for MavenProject: com.simplilearn.webapp:phase1-jdbc-webapp-04-12-2023:0.0.1-SNAPSHOT @ C:\Users\shiva\git\phase1-jdbc-webapp-04-12-2023\pom.xml.
2023-12-07 18:10:45,419 [Worker-14: Updating Maven Project] WARN  o.e.m.c.i.embedder.EclipseLogger - The artifact mysql:mysql-connector-java:jar:8.0.33 has been relocated to com.mysql:mysql-connector-j:jar:8.0.33: MySQL Connector/J artifacts moved to reverse-DNS compliant Maven 2+ coordinates.
2023-12-07 18:10:45,633 [Worker-14: Updating Maven Project] WARN  o.e.m.c.i.embedder.EclipseLogger - The artifact mysql:mysql-connector-java:jar:8.0.33 has been relocated to com.mysql:mysql-connector-j:jar:8.0.33: MySQL Connector/J artifacts moved to reverse-DNS compliant Maven 2+ coordinates.
2023-12-07 18:10:46,446 [Worker-14: Updating Maven Project] INFO  o.e.m.j.i.AbstractJavaProjectConfigurator - Adding source folder /phase1-jdbc-webapp-04-12-2023/src/main/java
2023-12-07 18:10:46,446 [Worker-14: Updating Maven Project] INFO  o.e.m.j.i.AbstractJavaProjectConfigurator - Adding resource folder /phase1-jdbc-webapp-04-12-2023/src/main/resources
2023-12-07 18:10:46,447 [Worker-14: Updating Maven Project] INFO  o.e.m.j.i.AbstractJavaProjectConfigurator - Adding source folder /phase1-jdbc-webapp-04-12-2023/src/test/java
2023-12-07 18:10:46,448 [Worker-14: Updating Maven Project] INFO  o.e.m.j.i.AbstractJavaProjectConfigurator - Adding resource folder /phase1-jdbc-webapp-04-12-2023/src/test/resources
2023-12-07 18:10:46,751 [Worker-14: Updating Maven Project] WARN  o.e.m.c.i.embedder.EclipseLogger - The artifact mysql:mysql-connector-java:jar:8.0.33 has been relocated to com.mysql:mysql-connector-j:jar:8.0.33: MySQL Connector/J artifacts moved to reverse-DNS compliant Maven 2+ coordinates.
2023-12-07 18:10:47,555 [Worker-14: Updating Maven Project] INFO  o.e.m.w.i.f.ResourceFilteringBuildParticipant - Cleaning filtered folder for phase1-jdbc-webapp-04-12-2023
2023-12-07 18:10:47,585 [Worker-14: Updating Maven Project] INFO  o.e.m.c.i.p.ProjectConfigurationManager - Update completed for 1 poms: local refresh takes 0.00 sec, refresh facades takes 1.00 sec, update config takes 0.00 sec 
2023-12-07 18:10:48,156 [Worker-21: Building] WARN  o.a.m.s.f.DefaultMavenResourcesFiltering - Using platform encoding (UTF-8 actually) to copy filtered resources, i.e. build is platform dependent!
2023-12-07 18:10:48,157 [Worker-21: Building] INFO  o.a.m.s.f.DefaultMavenResourcesFiltering - skip non existing resourceDirectory C:\Users\shiva\git\phase1-jdbc-webapp-04-12-2023\src\main\resources
2023-12-07 18:10:48,164 [Worker-21: Building] WARN  o.a.m.s.f.DefaultMavenResourcesFiltering - Using platform encoding (UTF-8 actually) to copy filtered resources, i.e. build is platform dependent!
2023-12-07 18:10:48,164 [Worker-21: Building] INFO  o.a.m.s.f.DefaultMavenResourcesFiltering - skip non existing resourceDirectory C:\Users\shiva\git\phase1-jdbc-webapp-04-12-2023\src\test\resources
2023-12-07 18:10:48,166 [Worker-21: Building] INFO  o.e.m.w.i.f.ResourceFilteringBuildParticipant - Changed resources require a complete clean of filtered resources of phase1-jdbc-webapp-04-12-2023
2023-12-07 18:10:48,167 [Worker-21: Building] INFO  o.e.m.w.i.f.ResourceFilteringBuildParticipant - Executing resource filtering for phase1-jdbc-webapp-04-12-2023
2023-12-07 18:12:22,937 [Worker-18: Loading available Gradle versions] INFO  o.e.b.c.i.u.g.PublishedGradleVersions - Gradle version information cache is up-to-date. Trying to read.
2023-12-07 18:13:07,833 [Worker-5: Cleaning all projects] WARN  o.e.m.c.i.embedder.EclipseLogger - The artifact mysql:mysql-connector-java:jar:8.0.33 has been relocated to com.mysql:mysql-connector-j:jar:8.0.33: MySQL Connector/J artifacts moved to reverse-DNS compliant Maven 2+ coordinates.
2023-12-07 18:13:08,037 [Worker-5: Cleaning all projects] INFO  o.e.m.w.i.f.ResourceFilteringBuildParticipant - Cleaning filtered folder for phase1-jdbc-webapp-04-12-2023
2023-12-07 18:13:09,113 [Worker-6: Building] WARN  o.a.m.s.f.DefaultMavenResourcesFiltering - Using platform encoding (UTF-8 actually) to copy filtered resources, i.e. build is platform dependent!
2023-12-07 18:13:09,114 [Worker-6: Building] INFO  o.a.m.s.f.DefaultMavenResourcesFiltering - skip non existing resourceDirectory C:\Users\shiva\git\phase1-jdbc-webapp-04-12-2023\src\main\resources
2023-12-07 18:13:09,119 [Worker-6: Building] WARN  o.a.m.s.f.DefaultMavenResourcesFiltering - Using platform encoding (UTF-8 actually) to copy filtered resources, i.e. build is platform dependent!
2023-12-07 18:13:09,119 [Worker-6: Building] INFO  o.a.m.s.f.DefaultMavenResourcesFiltering - skip non existing resourceDirectory C:\Users\shiva\git\phase1-jdbc-webapp-04-12-2023\src\test\resources
2023-12-07 18:13:09,120 [Worker-6: Building] INFO  o.e.m.w.i.f.ResourceFilteringBuildParticipant - Changed resources require a complete clean of filtered resources of phase1-jdbc-webapp-04-12-2023
2023-12-07 18:13:09,121 [Worker-6: Building] INFO  o.e.m.w.i.f.ResourceFilteringBuildParticipant - Executing resource filtering for phase1-jdbc-webapp-04-12-2023
