2024-01-12 02:08:32,569 INFO o.a.j.u.JMeterUtils: Setting Locale to en_EN
2024-01-12 02:08:32,614 INFO o.a.j.JMeter: Loading user properties from: user.properties
2024-01-12 02:08:32,614 INFO o.a.j.JMeter: Loading system properties from: system.properties
2024-01-12 02:08:32,630 INFO o.a.j.JMeter: Copyright (c) 1998-2023 The Apache Software Foundation
2024-01-12 02:08:32,630 INFO o.a.j.JMeter: Version 5.6.2
2024-01-12 02:08:32,630 INFO o.a.j.JMeter: java.version=21.0.1
2024-01-12 02:08:32,630 INFO o.a.j.JMeter: java.vm.name=Java HotSpot(TM) 64-Bit Server VM
2024-01-12 02:08:32,632 INFO o.a.j.JMeter: os.name=Windows 11
2024-01-12 02:08:32,632 INFO o.a.j.JMeter: os.arch=amd64
2024-01-12 02:08:32,632 INFO o.a.j.JMeter: os.version=10.0
2024-01-12 02:08:32,632 INFO o.a.j.JMeter: file.encoding=UTF-8
2024-01-12 02:08:32,632 INFO o.a.j.JMeter: java.awt.headless=null
2024-01-12 02:08:32,632 INFO o.a.j.JMeter: Max memory     =1073741824
2024-01-12 02:08:32,632 INFO o.a.j.JMeter: Available Processors =8
2024-01-12 02:08:32,632 INFO o.a.j.JMeter: Default Locale=English (EN)
2024-01-12 02:08:32,632 INFO o.a.j.JMeter: JMeter  Locale=English (EN)
2024-01-12 02:08:32,632 INFO o.a.j.JMeter: JMeterHome=D:\PHASE - 3\apache-jmeter-5.6.2
2024-01-12 02:08:32,632 INFO o.a.j.JMeter: user.dir  =D:\PHASE - 3\apache-jmeter-5.6.2\bin
2024-01-12 02:08:32,632 INFO o.a.j.JMeter: PWD       =D:\PHASE - 3\apache-jmeter-5.6.2\bin
2024-01-12 02:08:32,632 INFO o.a.j.JMeter: IP: 192.168.1.42 Name: shiv4nshumishra FullName: shiv4nshumishra
2024-01-12 02:08:32,645 INFO o.a.j.JMeter: Loaded icon properties from org/apache/jmeter/images/icon.properties
2024-01-12 02:08:32,871 INFO o.a.j.JMeterGuiLauncher: Setting LAF to: com.github.weisj.darklaf.DarkLaf:com.github.weisj.darklaf.theme.DarculaTheme
2024-01-12 02:08:34,749 INFO o.a.j.r.ClassFinder: Will scan jar D:\PHASE - 3\apache-jmeter-5.6.2\lib\ext\jmeter-plugins-cmn-jmeter-0.7.jar with filter ExtendsClassFilter [parents=[interface org.apache.jmeter.gui.action.Command], inner=false, contains=null, notContains=null]. Consider exposing JMeter plugins via META-INF/services, and add JMeter-Skip-Class-Scanning=true manifest attribute so JMeter can skip classfile scanning
2024-01-12 02:08:34,797 INFO o.a.j.r.ClassFinder: Will scan jar D:\PHASE - 3\apache-jmeter-5.6.2\lib\ext\json-lib-2.4-jdk15.jar with filter ExtendsClassFilter [parents=[interface org.apache.jmeter.gui.action.Command], inner=false, contains=null, notContains=null]. Consider exposing JMeter plugins via META-INF/services, and add JMeter-Skip-Class-Scanning=true manifest attribute so JMeter can skip classfile scanning
2024-01-12 02:08:34,861 INFO o.a.j.r.ClassFinder: Will scan jar D:\PHASE - 3\apache-jmeter-5.6.2\lib\ext\jmeter-plugins-graphs-basic-2.0.jar with filter ExtendsClassFilter [parents=[interface org.apache.jmeter.gui.action.Command], inner=false, contains=null, notContains=null]. Consider exposing JMeter plugins via META-INF/services, and add JMeter-Skip-Class-Scanning=true manifest attribute so JMeter can skip classfile scanning
2024-01-12 02:08:34,861 INFO o.a.j.r.ClassFinder: Will scan jar D:\PHASE - 3\apache-jmeter-5.6.2\lib\ext\jmeter-plugins-manager-1.10.jar with filter ExtendsClassFilter [parents=[interface org.apache.jmeter.gui.action.Command], inner=false, contains=null, notContains=null]. Consider exposing JMeter plugins via META-INF/services, and add JMeter-Skip-Class-Scanning=true manifest attribute so JMeter can skip classfile scanning
2024-01-12 02:08:34,970 INFO o.a.j.r.ClassFinder: Will scan jar D:\PHASE - 3\apache-jmeter-5.6.2\lib\ext\jmeter-plugins-casutg-2.10.jar with filter ExtendsClassFilter [parents=[interface org.apache.jmeter.gui.action.Command], inner=false, contains=null, notContains=null]. Consider exposing JMeter plugins via META-INF/services, and add JMeter-Skip-Class-Scanning=true manifest attribute so JMeter can skip classfile scanning
2024-01-12 02:08:34,986 INFO o.a.j.r.ClassFinder: Will scan jar D:\PHASE - 3\apache-jmeter-5.6.2\lib\ext\cmdrunner-2.3.jar with filter ExtendsClassFilter [parents=[interface org.apache.jmeter.gui.action.Command], inner=false, contains=null, notContains=null]. Consider exposing JMeter plugins via META-INF/services, and add JMeter-Skip-Class-Scanning=true manifest attribute so JMeter can skip classfile scanning
2024-01-12 02:08:35,121 INFO o.a.j.r.ClassFinder: Will scan jar D:\PHASE - 3\apache-jmeter-5.6.2\lib\ext\jmeter-plugins-cmn-jmeter-0.7.jar with filter ExtendsClassFilter [parents=[interface org.apache.jmeter.gui.plugin.MenuCreator], inner=false, contains=null, notContains=null]. Consider exposing JMeter plugins via META-INF/services, and add JMeter-Skip-Class-Scanning=true manifest attribute so JMeter can skip classfile scanning
2024-01-12 02:08:35,123 INFO o.a.j.r.ClassFinder: Will scan jar D:\PHASE - 3\apache-jmeter-5.6.2\lib\ext\json-lib-2.4-jdk15.jar with filter ExtendsClassFilter [parents=[interface org.apache.jmeter.gui.plugin.MenuCreator], inner=false, contains=null, notContains=null]. Consider exposing JMeter plugins via META-INF/services, and add JMeter-Skip-Class-Scanning=true manifest attribute so JMeter can skip classfile scanning
2024-01-12 02:08:35,125 INFO o.a.j.r.ClassFinder: Will scan jar D:\PHASE - 3\apache-jmeter-5.6.2\lib\ext\jmeter-plugins-graphs-basic-2.0.jar with filter ExtendsClassFilter [parents=[interface org.apache.jmeter.gui.plugin.MenuCreator], inner=false, contains=null, notContains=null]. Consider exposing JMeter plugins via META-INF/services, and add JMeter-Skip-Class-Scanning=true manifest attribute so JMeter can skip classfile scanning
2024-01-12 02:08:35,125 INFO o.a.j.r.ClassFinder: Will scan jar D:\PHASE - 3\apache-jmeter-5.6.2\lib\ext\jmeter-plugins-manager-1.10.jar with filter ExtendsClassFilter [parents=[interface org.apache.jmeter.gui.plugin.MenuCreator], inner=false, contains=null, notContains=null]. Consider exposing JMeter plugins via META-INF/services, and add JMeter-Skip-Class-Scanning=true manifest attribute so JMeter can skip classfile scanning
2024-01-12 02:08:35,125 INFO o.a.j.r.ClassFinder: Will scan jar D:\PHASE - 3\apache-jmeter-5.6.2\lib\ext\jmeter-plugins-casutg-2.10.jar with filter ExtendsClassFilter [parents=[interface org.apache.jmeter.gui.plugin.MenuCreator], inner=false, contains=null, notContains=null]. Consider exposing JMeter plugins via META-INF/services, and add JMeter-Skip-Class-Scanning=true manifest attribute so JMeter can skip classfile scanning
2024-01-12 02:08:35,125 INFO o.a.j.r.ClassFinder: Will scan jar D:\PHASE - 3\apache-jmeter-5.6.2\lib\ext\cmdrunner-2.3.jar with filter ExtendsClassFilter [parents=[interface org.apache.jmeter.gui.plugin.MenuCreator], inner=false, contains=null, notContains=null]. Consider exposing JMeter plugins via META-INF/services, and add JMeter-Skip-Class-Scanning=true manifest attribute so JMeter can skip classfile scanning
2024-01-12 02:08:35,405 INFO o.j.r.JARSourceHTTP: Requesting https://jmeter-plugins.org/repo/?installID=windows_11-c334c45daad5d04ccc879dbc19cb69de-gui
2024-01-12 02:08:39,304 INFO o.j.r.PluginManager: Plugins Status: [jpgc-graphs-basic=2.0, jpgc-casutg=2.10, jpgc-plugins-manager=1.10, jmeter-core=5.6.2, jmeter-ftp=5.6.2, jmeter-http=5.6.2, jmeter-jdbc=5.6.2, jmeter-jms=5.6.2, jmeter-junit=5.6.2, jmeter-java=5.6.2, jmeter-ldap=5.6.2, jmeter-mail=5.6.2, jmeter-mongodb=5.6.2, jmeter-native=5.6.2, jmeter-tcp=5.6.2, jmeter-components=5.6.2]
2024-01-12 02:10:10,918 INFO o.a.j.p.h.s.HTTPSamplerBase: Parser for text/html is org.apache.jmeter.protocol.http.parser.LagartoBasedHtmlParser
2024-01-12 02:10:10,918 INFO o.a.j.p.h.s.HTTPSamplerBase: Parser for application/xhtml+xml is org.apache.jmeter.protocol.http.parser.LagartoBasedHtmlParser
2024-01-12 02:10:10,918 INFO o.a.j.p.h.s.HTTPSamplerBase: Parser for application/xml is org.apache.jmeter.protocol.http.parser.LagartoBasedHtmlParser
2024-01-12 02:10:10,918 INFO o.a.j.p.h.s.HTTPSamplerBase: Parser for text/xml is org.apache.jmeter.protocol.http.parser.LagartoBasedHtmlParser
2024-01-12 02:10:10,918 INFO o.a.j.p.h.s.HTTPSamplerBase: Parser for text/vnd.wap.wml is org.apache.jmeter.protocol.http.parser.RegexpHTMLParser
2024-01-12 02:10:10,918 INFO o.a.j.p.h.s.HTTPSamplerBase: Parser for text/css is org.apache.jmeter.protocol.http.parser.CssParser
2024-01-12 02:41:30,708 INFO o.a.j.s.SampleResult: Note: Sample TimeStamps are START times
2024-01-12 02:41:30,708 INFO o.a.j.s.SampleResult: sampleresult.default.encoding is set to UTF-8
2024-01-12 02:41:30,708 INFO o.a.j.s.SampleResult: sampleresult.useNanoTime=true
2024-01-12 02:41:30,708 INFO o.a.j.s.SampleResult: sampleresult.nanoThreadSleep=5000
2024-01-12 02:41:31,521 INFO o.a.j.r.ClassFinder: Will scan jar D:\PHASE - 3\apache-jmeter-5.6.2\lib\ext\jmeter-plugins-cmn-jmeter-0.7.jar with filter ExtendsClassFilter [parents=[interface org.apache.jmeter.visualizers.ResultRenderer], inner=false, contains=null, notContains=null]. Consider exposing JMeter plugins via META-INF/services, and add JMeter-Skip-Class-Scanning=true manifest attribute so JMeter can skip classfile scanning
2024-01-12 02:41:31,526 INFO o.a.j.r.ClassFinder: Will scan jar D:\PHASE - 3\apache-jmeter-5.6.2\lib\ext\json-lib-2.4-jdk15.jar with filter ExtendsClassFilter [parents=[interface org.apache.jmeter.visualizers.ResultRenderer], inner=false, contains=null, notContains=null]. Consider exposing JMeter plugins via META-INF/services, and add JMeter-Skip-Class-Scanning=true manifest attribute so JMeter can skip classfile scanning
2024-01-12 02:41:31,527 INFO o.a.j.r.ClassFinder: Will scan jar D:\PHASE - 3\apache-jmeter-5.6.2\lib\ext\jmeter-plugins-graphs-basic-2.0.jar with filter ExtendsClassFilter [parents=[interface org.apache.jmeter.visualizers.ResultRenderer], inner=false, contains=null, notContains=null]. Consider exposing JMeter plugins via META-INF/services, and add JMeter-Skip-Class-Scanning=true manifest attribute so JMeter can skip classfile scanning
2024-01-12 02:41:31,527 INFO o.a.j.r.ClassFinder: Will scan jar D:\PHASE - 3\apache-jmeter-5.6.2\lib\ext\jmeter-plugins-manager-1.10.jar with filter ExtendsClassFilter [parents=[interface org.apache.jmeter.visualizers.ResultRenderer], inner=false, contains=null, notContains=null]. Consider exposing JMeter plugins via META-INF/services, and add JMeter-Skip-Class-Scanning=true manifest attribute so JMeter can skip classfile scanning
2024-01-12 02:41:31,527 INFO o.a.j.r.ClassFinder: Will scan jar D:\PHASE - 3\apache-jmeter-5.6.2\lib\ext\jmeter-plugins-casutg-2.10.jar with filter ExtendsClassFilter [parents=[interface org.apache.jmeter.visualizers.ResultRenderer], inner=false, contains=null, notContains=null]. Consider exposing JMeter plugins via META-INF/services, and add JMeter-Skip-Class-Scanning=true manifest attribute so JMeter can skip classfile scanning
2024-01-12 02:41:31,527 INFO o.a.j.r.ClassFinder: Will scan jar D:\PHASE - 3\apache-jmeter-5.6.2\lib\ext\cmdrunner-2.3.jar with filter ExtendsClassFilter [parents=[interface org.apache.jmeter.visualizers.ResultRenderer], inner=false, contains=null, notContains=null]. Consider exposing JMeter plugins via META-INF/services, and add JMeter-Skip-Class-Scanning=true manifest attribute so JMeter can skip classfile scanning
2024-01-12 02:41:31,548 INFO o.a.j.r.ClassFinder: Will scan jar D:\PHASE - 3\apache-jmeter-5.6.2\lib\ext\jmeter-plugins-cmn-jmeter-0.7.jar with filter ExtendsClassFilter [parents=[interface org.apache.jmeter.visualizers.RequestView], inner=false, contains=null, notContains=null]. Consider exposing JMeter plugins via META-INF/services, and add JMeter-Skip-Class-Scanning=true manifest attribute so JMeter can skip classfile scanning
2024-01-12 02:41:31,549 INFO o.a.j.r.ClassFinder: Will scan jar D:\PHASE - 3\apache-jmeter-5.6.2\lib\ext\json-lib-2.4-jdk15.jar with filter ExtendsClassFilter [parents=[interface org.apache.jmeter.visualizers.RequestView], inner=false, contains=null, notContains=null]. Consider exposing JMeter plugins via META-INF/services, and add JMeter-Skip-Class-Scanning=true manifest attribute so JMeter can skip classfile scanning
2024-01-12 02:41:31,550 INFO o.a.j.r.ClassFinder: Will scan jar D:\PHASE - 3\apache-jmeter-5.6.2\lib\ext\jmeter-plugins-graphs-basic-2.0.jar with filter ExtendsClassFilter [parents=[interface org.apache.jmeter.visualizers.RequestView], inner=false, contains=null, notContains=null]. Consider exposing JMeter plugins via META-INF/services, and add JMeter-Skip-Class-Scanning=true manifest attribute so JMeter can skip classfile scanning
2024-01-12 02:41:31,550 INFO o.a.j.r.ClassFinder: Will scan jar D:\PHASE - 3\apache-jmeter-5.6.2\lib\ext\jmeter-plugins-manager-1.10.jar with filter ExtendsClassFilter [parents=[interface org.apache.jmeter.visualizers.RequestView], inner=false, contains=null, notContains=null]. Consider exposing JMeter plugins via META-INF/services, and add JMeter-Skip-Class-Scanning=true manifest attribute so JMeter can skip classfile scanning
2024-01-12 02:41:31,551 INFO o.a.j.r.ClassFinder: Will scan jar D:\PHASE - 3\apache-jmeter-5.6.2\lib\ext\jmeter-plugins-casutg-2.10.jar with filter ExtendsClassFilter [parents=[interface org.apache.jmeter.visualizers.RequestView], inner=false, contains=null, notContains=null]. Consider exposing JMeter plugins via META-INF/services, and add JMeter-Skip-Class-Scanning=true manifest attribute so JMeter can skip classfile scanning
2024-01-12 02:41:31,552 INFO o.a.j.r.ClassFinder: Will scan jar D:\PHASE - 3\apache-jmeter-5.6.2\lib\ext\cmdrunner-2.3.jar with filter ExtendsClassFilter [parents=[interface org.apache.jmeter.visualizers.RequestView], inner=false, contains=null, notContains=null]. Consider exposing JMeter plugins via META-INF/services, and add JMeter-Skip-Class-Scanning=true manifest attribute so JMeter can skip classfile scanning
2024-01-12 02:44:23,384 INFO o.a.j.r.ClassFinder: Will scan jar D:\PHASE - 3\apache-jmeter-5.6.2\lib\ext\jmeter-plugins-cmn-jmeter-0.7.jar with filter ExtendsClassFilter [parents=[interface org.apache.jmeter.visualizers.ResultRenderer], inner=false, contains=null, notContains=null]. Consider exposing JMeter plugins via META-INF/services, and add JMeter-Skip-Class-Scanning=true manifest attribute so JMeter can skip classfile scanning
2024-01-12 02:44:23,385 INFO o.a.j.r.ClassFinder: Will scan jar D:\PHASE - 3\apache-jmeter-5.6.2\lib\ext\json-lib-2.4-jdk15.jar with filter ExtendsClassFilter [parents=[interface org.apache.jmeter.visualizers.ResultRenderer], inner=false, contains=null, notContains=null]. Consider exposing JMeter plugins via META-INF/services, and add JMeter-Skip-Class-Scanning=true manifest attribute so JMeter can skip classfile scanning
2024-01-12 02:44:23,386 INFO o.a.j.r.ClassFinder: Will scan jar D:\PHASE - 3\apache-jmeter-5.6.2\lib\ext\jmeter-plugins-graphs-basic-2.0.jar with filter ExtendsClassFilter [parents=[interface org.apache.jmeter.visualizers.ResultRenderer], inner=false, contains=null, notContains=null]. Consider exposing JMeter plugins via META-INF/services, and add JMeter-Skip-Class-Scanning=true manifest attribute so JMeter can skip classfile scanning
2024-01-12 02:44:23,386 INFO o.a.j.r.ClassFinder: Will scan jar D:\PHASE - 3\apache-jmeter-5.6.2\lib\ext\jmeter-plugins-manager-1.10.jar with filter ExtendsClassFilter [parents=[interface org.apache.jmeter.visualizers.ResultRenderer], inner=false, contains=null, notContains=null]. Consider exposing JMeter plugins via META-INF/services, and add JMeter-Skip-Class-Scanning=true manifest attribute so JMeter can skip classfile scanning
2024-01-12 02:44:23,388 INFO o.a.j.r.ClassFinder: Will scan jar D:\PHASE - 3\apache-jmeter-5.6.2\lib\ext\jmeter-plugins-casutg-2.10.jar with filter ExtendsClassFilter [parents=[interface org.apache.jmeter.visualizers.ResultRenderer], inner=false, contains=null, notContains=null]. Consider exposing JMeter plugins via META-INF/services, and add JMeter-Skip-Class-Scanning=true manifest attribute so JMeter can skip classfile scanning
2024-01-12 02:44:23,389 INFO o.a.j.r.ClassFinder: Will scan jar D:\PHASE - 3\apache-jmeter-5.6.2\lib\ext\cmdrunner-2.3.jar with filter ExtendsClassFilter [parents=[interface org.apache.jmeter.visualizers.ResultRenderer], inner=false, contains=null, notContains=null]. Consider exposing JMeter plugins via META-INF/services, and add JMeter-Skip-Class-Scanning=true manifest attribute so JMeter can skip classfile scanning
2024-01-12 02:44:23,406 INFO o.a.j.r.ClassFinder: Will scan jar D:\PHASE - 3\apache-jmeter-5.6.2\lib\ext\jmeter-plugins-cmn-jmeter-0.7.jar with filter ExtendsClassFilter [parents=[interface org.apache.jmeter.visualizers.RequestView], inner=false, contains=null, notContains=null]. Consider exposing JMeter plugins via META-INF/services, and add JMeter-Skip-Class-Scanning=true manifest attribute so JMeter can skip classfile scanning
2024-01-12 02:44:23,407 INFO o.a.j.r.ClassFinder: Will scan jar D:\PHASE - 3\apache-jmeter-5.6.2\lib\ext\json-lib-2.4-jdk15.jar with filter ExtendsClassFilter [parents=[interface org.apache.jmeter.visualizers.RequestView], inner=false, contains=null, notContains=null]. Consider exposing JMeter plugins via META-INF/services, and add JMeter-Skip-Class-Scanning=true manifest attribute so JMeter can skip classfile scanning
2024-01-12 02:44:23,408 INFO o.a.j.r.ClassFinder: Will scan jar D:\PHASE - 3\apache-jmeter-5.6.2\lib\ext\jmeter-plugins-graphs-basic-2.0.jar with filter ExtendsClassFilter [parents=[interface org.apache.jmeter.visualizers.RequestView], inner=false, contains=null, notContains=null]. Consider exposing JMeter plugins via META-INF/services, and add JMeter-Skip-Class-Scanning=true manifest attribute so JMeter can skip classfile scanning
2024-01-12 02:44:23,408 INFO o.a.j.r.ClassFinder: Will scan jar D:\PHASE - 3\apache-jmeter-5.6.2\lib\ext\jmeter-plugins-manager-1.10.jar with filter ExtendsClassFilter [parents=[interface org.apache.jmeter.visualizers.RequestView], inner=false, contains=null, notContains=null]. Consider exposing JMeter plugins via META-INF/services, and add JMeter-Skip-Class-Scanning=true manifest attribute so JMeter can skip classfile scanning
2024-01-12 02:44:23,409 INFO o.a.j.r.ClassFinder: Will scan jar D:\PHASE - 3\apache-jmeter-5.6.2\lib\ext\jmeter-plugins-casutg-2.10.jar with filter ExtendsClassFilter [parents=[interface org.apache.jmeter.visualizers.RequestView], inner=false, contains=null, notContains=null]. Consider exposing JMeter plugins via META-INF/services, and add JMeter-Skip-Class-Scanning=true manifest attribute so JMeter can skip classfile scanning
2024-01-12 02:44:23,410 INFO o.a.j.r.ClassFinder: Will scan jar D:\PHASE - 3\apache-jmeter-5.6.2\lib\ext\cmdrunner-2.3.jar with filter ExtendsClassFilter [parents=[interface org.apache.jmeter.visualizers.RequestView], inner=false, contains=null, notContains=null]. Consider exposing JMeter plugins via META-INF/services, and add JMeter-Skip-Class-Scanning=true manifest attribute so JMeter can skip classfile scanning
2024-01-12 02:57:58,173 INFO o.a.j.r.ClassFinder: Will scan jar D:\PHASE - 3\apache-jmeter-5.6.2\lib\ext\jmeter-plugins-cmn-jmeter-0.7.jar with filter ExtendsClassFilter [parents=[interface org.apache.jmeter.visualizers.ResultRenderer], inner=false, contains=null, notContains=null]. Consider exposing JMeter plugins via META-INF/services, and add JMeter-Skip-Class-Scanning=true manifest attribute so JMeter can skip classfile scanning
2024-01-12 02:57:58,173 INFO o.a.j.r.ClassFinder: Will scan jar D:\PHASE - 3\apache-jmeter-5.6.2\lib\ext\json-lib-2.4-jdk15.jar with filter ExtendsClassFilter [parents=[interface org.apache.jmeter.visualizers.ResultRenderer], inner=false, contains=null, notContains=null]. Consider exposing JMeter plugins via META-INF/services, and add JMeter-Skip-Class-Scanning=true manifest attribute so JMeter can skip classfile scanning
2024-01-12 02:57:58,173 INFO o.a.j.r.ClassFinder: Will scan jar D:\PHASE - 3\apache-jmeter-5.6.2\lib\ext\jmeter-plugins-graphs-basic-2.0.jar with filter ExtendsClassFilter [parents=[interface org.apache.jmeter.visualizers.ResultRenderer], inner=false, contains=null, notContains=null]. Consider exposing JMeter plugins via META-INF/services, and add JMeter-Skip-Class-Scanning=true manifest attribute so JMeter can skip classfile scanning
2024-01-12 02:57:58,173 INFO o.a.j.r.ClassFinder: Will scan jar D:\PHASE - 3\apache-jmeter-5.6.2\lib\ext\jmeter-plugins-manager-1.10.jar with filter ExtendsClassFilter [parents=[interface org.apache.jmeter.visualizers.ResultRenderer], inner=false, contains=null, notContains=null]. Consider exposing JMeter plugins via META-INF/services, and add JMeter-Skip-Class-Scanning=true manifest attribute so JMeter can skip classfile scanning
2024-01-12 02:57:58,177 INFO o.a.j.r.ClassFinder: Will scan jar D:\PHASE - 3\apache-jmeter-5.6.2\lib\ext\jmeter-plugins-casutg-2.10.jar with filter ExtendsClassFilter [parents=[interface org.apache.jmeter.visualizers.ResultRenderer], inner=false, contains=null, notContains=null]. Consider exposing JMeter plugins via META-INF/services, and add JMeter-Skip-Class-Scanning=true manifest attribute so JMeter can skip classfile scanning
2024-01-12 02:57:58,178 INFO o.a.j.r.ClassFinder: Will scan jar D:\PHASE - 3\apache-jmeter-5.6.2\lib\ext\cmdrunner-2.3.jar with filter ExtendsClassFilter [parents=[interface org.apache.jmeter.visualizers.ResultRenderer], inner=false, contains=null, notContains=null]. Consider exposing JMeter plugins via META-INF/services, and add JMeter-Skip-Class-Scanning=true manifest attribute so JMeter can skip classfile scanning
2024-01-12 02:57:58,194 INFO o.a.j.r.ClassFinder: Will scan jar D:\PHASE - 3\apache-jmeter-5.6.2\lib\ext\jmeter-plugins-cmn-jmeter-0.7.jar with filter ExtendsClassFilter [parents=[interface org.apache.jmeter.visualizers.RequestView], inner=false, contains=null, notContains=null]. Consider exposing JMeter plugins via META-INF/services, and add JMeter-Skip-Class-Scanning=true manifest attribute so JMeter can skip classfile scanning
2024-01-12 02:57:58,194 INFO o.a.j.r.ClassFinder: Will scan jar D:\PHASE - 3\apache-jmeter-5.6.2\lib\ext\json-lib-2.4-jdk15.jar with filter ExtendsClassFilter [parents=[interface org.apache.jmeter.visualizers.RequestView], inner=false, contains=null, notContains=null]. Consider exposing JMeter plugins via META-INF/services, and add JMeter-Skip-Class-Scanning=true manifest attribute so JMeter can skip classfile scanning
2024-01-12 02:57:58,194 INFO o.a.j.r.ClassFinder: Will scan jar D:\PHASE - 3\apache-jmeter-5.6.2\lib\ext\jmeter-plugins-graphs-basic-2.0.jar with filter ExtendsClassFilter [parents=[interface org.apache.jmeter.visualizers.RequestView], inner=false, contains=null, notContains=null]. Consider exposing JMeter plugins via META-INF/services, and add JMeter-Skip-Class-Scanning=true manifest attribute so JMeter can skip classfile scanning
2024-01-12 02:57:58,194 INFO o.a.j.r.ClassFinder: Will scan jar D:\PHASE - 3\apache-jmeter-5.6.2\lib\ext\jmeter-plugins-manager-1.10.jar with filter ExtendsClassFilter [parents=[interface org.apache.jmeter.visualizers.RequestView], inner=false, contains=null, notContains=null]. Consider exposing JMeter plugins via META-INF/services, and add JMeter-Skip-Class-Scanning=true manifest attribute so JMeter can skip classfile scanning
2024-01-12 02:57:58,197 INFO o.a.j.r.ClassFinder: Will scan jar D:\PHASE - 3\apache-jmeter-5.6.2\lib\ext\jmeter-plugins-casutg-2.10.jar with filter ExtendsClassFilter [parents=[interface org.apache.jmeter.visualizers.RequestView], inner=false, contains=null, notContains=null]. Consider exposing JMeter plugins via META-INF/services, and add JMeter-Skip-Class-Scanning=true manifest attribute so JMeter can skip classfile scanning
2024-01-12 02:57:58,197 INFO o.a.j.r.ClassFinder: Will scan jar D:\PHASE - 3\apache-jmeter-5.6.2\lib\ext\cmdrunner-2.3.jar with filter ExtendsClassFilter [parents=[interface org.apache.jmeter.visualizers.RequestView], inner=false, contains=null, notContains=null]. Consider exposing JMeter plugins via META-INF/services, and add JMeter-Skip-Class-Scanning=true manifest attribute so JMeter can skip classfile scanning
2024-01-12 02:58:41,211 INFO o.a.j.s.FileServer: Default base='D:\PHASE - 3\apache-jmeter-5.6.2\bin'
2024-01-12 02:58:41,211 INFO o.a.j.s.FileServer: Set new base='D:\PHASE - 3'
2024-01-12 02:58:41,861 INFO o.a.j.s.SaveService: Testplan (JMX) version: 2.2. Testlog (JTL) version: 2.2
2024-01-12 02:58:41,927 INFO o.a.j.s.SaveService: Using SaveService properties version 5.0
2024-01-12 02:58:41,943 INFO o.a.j.s.SaveService: Using SaveService properties file encoding UTF-8
2024-01-12 02:58:41,981 INFO o.a.j.e.StandardJMeterEngine: Running the test!
2024-01-12 02:58:41,981 INFO o.a.j.s.SampleEvent: List of sample_variables: []
2024-01-12 02:58:41,981 INFO o.a.j.s.SampleEvent: List of sample_variables: []
2024-01-12 02:58:41,984 INFO o.a.j.e.u.CompoundVariable: Note: Function class names must contain the string: '.functions.'
2024-01-12 02:58:41,984 INFO o.a.j.e.u.CompoundVariable: Note: Function class names must not contain the string: '.gui.'
2024-01-12 02:58:42,054 INFO o.a.j.r.ClassFinder: Will scan jar D:\PHASE - 3\apache-jmeter-5.6.2\lib\ext\jmeter-plugins-cmn-jmeter-0.7.jar with filter ExtendsClassFilter [parents=[interface org.apache.jmeter.functions.Function], inner=false, contains=null, notContains=null]. Consider exposing JMeter plugins via META-INF/services, and add JMeter-Skip-Class-Scanning=true manifest attribute so JMeter can skip classfile scanning
2024-01-12 02:58:42,054 INFO o.a.j.r.ClassFinder: Will scan jar D:\PHASE - 3\apache-jmeter-5.6.2\lib\ext\json-lib-2.4-jdk15.jar with filter ExtendsClassFilter [parents=[interface org.apache.jmeter.functions.Function], inner=false, contains=null, notContains=null]. Consider exposing JMeter plugins via META-INF/services, and add JMeter-Skip-Class-Scanning=true manifest attribute so JMeter can skip classfile scanning
2024-01-12 02:58:42,054 INFO o.a.j.r.ClassFinder: Will scan jar D:\PHASE - 3\apache-jmeter-5.6.2\lib\ext\jmeter-plugins-graphs-basic-2.0.jar with filter ExtendsClassFilter [parents=[interface org.apache.jmeter.functions.Function], inner=false, contains=null, notContains=null]. Consider exposing JMeter plugins via META-INF/services, and add JMeter-Skip-Class-Scanning=true manifest attribute so JMeter can skip classfile scanning
2024-01-12 02:58:42,054 INFO o.a.j.r.ClassFinder: Will scan jar D:\PHASE - 3\apache-jmeter-5.6.2\lib\ext\jmeter-plugins-manager-1.10.jar with filter ExtendsClassFilter [parents=[interface org.apache.jmeter.functions.Function], inner=false, contains=null, notContains=null]. Consider exposing JMeter plugins via META-INF/services, and add JMeter-Skip-Class-Scanning=true manifest attribute so JMeter can skip classfile scanning
2024-01-12 02:58:42,058 INFO o.a.j.r.ClassFinder: Will scan jar D:\PHASE - 3\apache-jmeter-5.6.2\lib\ext\jmeter-plugins-casutg-2.10.jar with filter ExtendsClassFilter [parents=[interface org.apache.jmeter.functions.Function], inner=false, contains=null, notContains=null]. Consider exposing JMeter plugins via META-INF/services, and add JMeter-Skip-Class-Scanning=true manifest attribute so JMeter can skip classfile scanning
2024-01-12 02:58:42,058 INFO o.a.j.r.ClassFinder: Will scan jar D:\PHASE - 3\apache-jmeter-5.6.2\lib\ext\cmdrunner-2.3.jar with filter ExtendsClassFilter [parents=[interface org.apache.jmeter.functions.Function], inner=false, contains=null, notContains=null]. Consider exposing JMeter plugins via META-INF/services, and add JMeter-Skip-Class-Scanning=true manifest attribute so JMeter can skip classfile scanning
2024-01-12 02:58:42,058 INFO o.a.j.g.u.JMeterMenuBar: setRunning(true, *local*)
2024-01-12 02:58:42,131 INFO o.a.j.e.StandardJMeterEngine: Starting ThreadGroup: 1 : Thread Group
2024-01-12 02:58:42,131 INFO o.a.j.e.StandardJMeterEngine: Starting 1 threads for group Thread Group.
2024-01-12 02:58:42,131 INFO o.a.j.e.StandardJMeterEngine: Thread will continue on error
2024-01-12 02:58:42,131 INFO o.a.j.t.ThreadGroup: Starting thread group... number=1 threads=1 ramp-up=1 delayedStart=false
2024-01-12 02:58:42,142 INFO o.a.j.t.ThreadGroup: Started thread group number 1
2024-01-12 02:58:42,142 INFO o.a.j.e.StandardJMeterEngine: All thread groups have been started
2024-01-12 02:58:42,142 INFO o.a.j.t.JMeterThread: Thread started: Thread Group 1-1
2024-01-12 02:58:42,155 INFO o.a.j.p.h.s.HTTPHCAbstractImpl: Local host = shiv4nshumishra
2024-01-12 02:58:42,157 INFO o.a.j.p.h.s.HTTPHC4Impl: HTTP request retry count = 0
2024-01-12 02:58:42,506 INFO o.a.j.p.h.s.h.LazyLayeredConnectionSocketFactory: Setting up HTTPS TrustAll Socket Factory
2024-01-12 02:58:42,506 INFO o.a.j.u.JsseSSLManager: Using default SSL protocol: TLS
2024-01-12 02:58:42,506 INFO o.a.j.u.JsseSSLManager: SSL session context: per-thread
2024-01-12 02:58:42,567 INFO o.a.j.u.SSLManager: JmeterKeyStore Location:  type JKS
2024-01-12 02:58:42,567 INFO o.a.j.u.SSLManager: KeyStore created OK
2024-01-12 02:58:42,567 WARN o.a.j.u.SSLManager: Keystore file not found, loading empty keystore
2024-01-12 02:58:42,887 INFO o.a.j.t.JMeterThread: Thread is done: Thread Group 1-1
2024-01-12 02:58:42,887 INFO o.a.j.t.JMeterThread: Thread finished: Thread Group 1-1
2024-01-12 02:58:42,889 INFO o.a.j.e.StandardJMeterEngine: Notifying test listeners of end of test
2024-01-12 02:58:42,890 INFO o.a.j.g.u.JMeterMenuBar: setRunning(false, *local*)
2024-01-12 02:59:23,100 INFO o.a.j.e.StandardJMeterEngine: Running the test!
2024-01-12 02:59:23,100 INFO o.a.j.s.SampleEvent: List of sample_variables: []
2024-01-12 02:59:23,100 INFO o.a.j.g.u.JMeterMenuBar: setRunning(true, *local*)
2024-01-12 02:59:23,136 INFO o.a.j.e.StandardJMeterEngine: Starting ThreadGroup: 1 : Thread Group
2024-01-12 02:59:23,136 INFO o.a.j.e.StandardJMeterEngine: Starting 1 threads for group Thread Group.
2024-01-12 02:59:23,136 INFO o.a.j.e.StandardJMeterEngine: Thread will continue on error
2024-01-12 02:59:23,136 INFO o.a.j.t.ThreadGroup: Starting thread group... number=1 threads=1 ramp-up=1 delayedStart=false
2024-01-12 02:59:23,136 INFO o.a.j.t.ThreadGroup: Started thread group number 1
2024-01-12 02:59:23,136 INFO o.a.j.e.StandardJMeterEngine: All thread groups have been started
2024-01-12 02:59:23,146 INFO o.a.j.t.JMeterThread: Thread started: Thread Group 1-1
2024-01-12 02:59:23,585 INFO o.a.j.t.JMeterThread: Thread is done: Thread Group 1-1
2024-01-12 02:59:23,585 INFO o.a.j.t.JMeterThread: Thread finished: Thread Group 1-1
2024-01-12 02:59:23,585 INFO o.a.j.e.StandardJMeterEngine: Notifying test listeners of end of test
2024-01-12 02:59:23,585 INFO o.a.j.g.u.JMeterMenuBar: setRunning(false, *local*)
2024-01-12 02:59:28,616 INFO o.a.j.e.StandardJMeterEngine: Running the test!
2024-01-12 02:59:28,616 INFO o.a.j.s.SampleEvent: List of sample_variables: []
2024-01-12 02:59:28,616 INFO o.a.j.g.u.JMeterMenuBar: setRunning(true, *local*)
2024-01-12 02:59:28,662 INFO o.a.j.e.StandardJMeterEngine: Starting ThreadGroup: 1 : Thread Group
2024-01-12 02:59:28,662 INFO o.a.j.e.StandardJMeterEngine: Starting 1 threads for group Thread Group.
2024-01-12 02:59:28,662 INFO o.a.j.e.StandardJMeterEngine: Thread will continue on error
2024-01-12 02:59:28,662 INFO o.a.j.t.ThreadGroup: Starting thread group... number=1 threads=1 ramp-up=1 delayedStart=false
2024-01-12 02:59:28,662 INFO o.a.j.t.ThreadGroup: Started thread group number 1
2024-01-12 02:59:28,662 INFO o.a.j.e.StandardJMeterEngine: All thread groups have been started
2024-01-12 02:59:28,662 INFO o.a.j.t.JMeterThread: Thread started: Thread Group 1-1
2024-01-12 02:59:29,100 INFO o.a.j.t.JMeterThread: Thread is done: Thread Group 1-1
2024-01-12 02:59:29,100 INFO o.a.j.t.JMeterThread: Thread finished: Thread Group 1-1
2024-01-12 02:59:29,100 INFO o.a.j.e.StandardJMeterEngine: Notifying test listeners of end of test
2024-01-12 02:59:29,100 INFO o.a.j.g.u.JMeterMenuBar: setRunning(false, *local*)
2024-01-12 03:00:09,090 INFO o.a.j.e.StandardJMeterEngine: Running the test!
2024-01-12 03:00:09,090 INFO o.a.j.s.SampleEvent: List of sample_variables: []
2024-01-12 03:00:09,090 INFO o.a.j.g.u.JMeterMenuBar: setRunning(true, *local*)
2024-01-12 03:00:09,122 INFO o.a.j.e.StandardJMeterEngine: Starting ThreadGroup: 1 : Thread Group
2024-01-12 03:00:09,122 INFO o.a.j.e.StandardJMeterEngine: Starting 1 threads for group Thread Group.
2024-01-12 03:00:09,122 INFO o.a.j.e.StandardJMeterEngine: Thread will continue on error
2024-01-12 03:00:09,122 INFO o.a.j.t.ThreadGroup: Starting thread group... number=1 threads=1 ramp-up=1 delayedStart=false
2024-01-12 03:00:09,132 INFO o.a.j.t.ThreadGroup: Started thread group number 1
2024-01-12 03:00:09,132 INFO o.a.j.e.StandardJMeterEngine: All thread groups have been started
2024-01-12 03:00:09,132 INFO o.a.j.t.JMeterThread: Thread started: Thread Group 1-1
2024-01-12 03:00:09,765 INFO o.a.j.t.JMeterThread: Thread is done: Thread Group 1-1
2024-01-12 03:00:09,765 INFO o.a.j.t.JMeterThread: Thread finished: Thread Group 1-1
2024-01-12 03:00:09,765 INFO o.a.j.e.StandardJMeterEngine: Notifying test listeners of end of test
2024-01-12 03:00:09,765 INFO o.a.j.g.u.JMeterMenuBar: setRunning(false, *local*)
2024-01-12 03:00:11,164 INFO o.a.j.e.StandardJMeterEngine: Running the test!
2024-01-12 03:00:11,164 INFO o.a.j.s.SampleEvent: List of sample_variables: []
2024-01-12 03:00:11,164 INFO o.a.j.g.u.JMeterMenuBar: setRunning(true, *local*)
2024-01-12 03:00:11,213 INFO o.a.j.e.StandardJMeterEngine: Starting ThreadGroup: 1 : Thread Group
2024-01-12 03:00:11,213 INFO o.a.j.e.StandardJMeterEngine: Starting 1 threads for group Thread Group.
2024-01-12 03:00:11,213 INFO o.a.j.e.StandardJMeterEngine: Thread will continue on error
2024-01-12 03:00:11,213 INFO o.a.j.t.ThreadGroup: Starting thread group... number=1 threads=1 ramp-up=1 delayedStart=false
2024-01-12 03:00:11,217 INFO o.a.j.t.ThreadGroup: Started thread group number 1
2024-01-12 03:00:11,217 INFO o.a.j.e.StandardJMeterEngine: All thread groups have been started
2024-01-12 03:00:11,217 INFO o.a.j.t.JMeterThread: Thread started: Thread Group 1-1
2024-01-12 03:00:11,633 INFO o.a.j.t.JMeterThread: Thread is done: Thread Group 1-1
2024-01-12 03:00:11,633 INFO o.a.j.t.JMeterThread: Thread finished: Thread Group 1-1
2024-01-12 03:00:11,633 INFO o.a.j.e.StandardJMeterEngine: Notifying test listeners of end of test
2024-01-12 03:00:11,633 INFO o.a.j.g.u.JMeterMenuBar: setRunning(false, *local*)
2024-01-12 03:01:14,706 INFO o.a.j.e.StandardJMeterEngine: Running the test!
2024-01-12 03:01:14,706 INFO o.a.j.s.SampleEvent: List of sample_variables: []
2024-01-12 03:01:14,706 INFO o.a.j.g.u.JMeterMenuBar: setRunning(true, *local*)
2024-01-12 03:01:14,734 INFO o.a.j.e.StandardJMeterEngine: Starting ThreadGroup: 1 : Thread Group
2024-01-12 03:01:14,734 INFO o.a.j.e.StandardJMeterEngine: Starting 1 threads for group Thread Group.
2024-01-12 03:01:14,734 INFO o.a.j.e.StandardJMeterEngine: Thread will continue on error
2024-01-12 03:01:14,734 INFO o.a.j.t.ThreadGroup: Starting thread group... number=1 threads=1 ramp-up=1 delayedStart=false
2024-01-12 03:01:14,741 INFO o.a.j.t.ThreadGroup: Started thread group number 1
2024-01-12 03:01:14,741 INFO o.a.j.e.StandardJMeterEngine: All thread groups have been started
2024-01-12 03:01:14,741 INFO o.a.j.t.JMeterThread: Thread started: Thread Group 1-1
2024-01-12 03:01:15,306 INFO o.a.j.t.JMeterThread: Thread is done: Thread Group 1-1
2024-01-12 03:01:15,306 INFO o.a.j.t.JMeterThread: Thread finished: Thread Group 1-1
2024-01-12 03:01:15,306 INFO o.a.j.e.StandardJMeterEngine: Notifying test listeners of end of test
2024-01-12 03:01:15,306 INFO o.a.j.g.u.JMeterMenuBar: setRunning(false, *local*)
2024-01-12 03:01:36,801 INFO o.a.j.e.StandardJMeterEngine: Running the test!
2024-01-12 03:01:36,801 INFO o.a.j.s.SampleEvent: List of sample_variables: []
2024-01-12 03:01:36,815 INFO o.a.j.g.u.JMeterMenuBar: setRunning(true, *local*)
2024-01-12 03:01:36,850 INFO o.a.j.e.StandardJMeterEngine: Starting ThreadGroup: 1 : Thread Group
2024-01-12 03:01:36,850 INFO o.a.j.e.StandardJMeterEngine: Starting 1 threads for group Thread Group.
2024-01-12 03:01:36,850 INFO o.a.j.e.StandardJMeterEngine: Thread will continue on error
2024-01-12 03:01:36,850 INFO o.a.j.t.ThreadGroup: Starting thread group... number=1 threads=1 ramp-up=1 delayedStart=false
2024-01-12 03:01:36,857 INFO o.a.j.t.ThreadGroup: Started thread group number 1
2024-01-12 03:01:36,857 INFO o.a.j.e.StandardJMeterEngine: All thread groups have been started
2024-01-12 03:01:36,857 INFO o.a.j.t.JMeterThread: Thread started: Thread Group 1-1
2024-01-12 03:01:37,290 INFO o.a.j.t.JMeterThread: Thread is done: Thread Group 1-1
2024-01-12 03:01:37,290 INFO o.a.j.t.JMeterThread: Thread finished: Thread Group 1-1
2024-01-12 03:01:37,290 INFO o.a.j.e.StandardJMeterEngine: Notifying test listeners of end of test
2024-01-12 03:01:37,290 INFO o.a.j.g.u.JMeterMenuBar: setRunning(false, *local*)
2024-01-12 03:04:14,871 INFO o.a.j.e.StandardJMeterEngine: Running the test!
2024-01-12 03:04:14,871 INFO o.a.j.s.SampleEvent: List of sample_variables: []
2024-01-12 03:04:14,885 INFO o.a.j.g.u.JMeterMenuBar: setRunning(true, *local*)
2024-01-12 03:04:14,914 INFO o.a.j.e.StandardJMeterEngine: Starting ThreadGroup: 1 : Thread Group
2024-01-12 03:04:14,914 INFO o.a.j.e.StandardJMeterEngine: Starting 1 threads for group Thread Group.
2024-01-12 03:04:14,920 INFO o.a.j.e.StandardJMeterEngine: Thread will continue on error
2024-01-12 03:04:14,920 INFO o.a.j.t.ThreadGroup: Starting thread group... number=1 threads=1 ramp-up=1 delayedStart=false
2024-01-12 03:04:14,920 INFO o.a.j.t.ThreadGroup: Started thread group number 1
2024-01-12 03:04:14,920 INFO o.a.j.e.StandardJMeterEngine: All thread groups have been started
2024-01-12 03:04:14,920 INFO o.a.j.t.JMeterThread: Thread started: Thread Group 1-1
2024-01-12 03:04:15,659 INFO o.a.j.t.JMeterThread: Thread is done: Thread Group 1-1
2024-01-12 03:04:15,659 INFO o.a.j.t.JMeterThread: Thread finished: Thread Group 1-1
2024-01-12 03:04:15,659 INFO o.a.j.e.StandardJMeterEngine: Notifying test listeners of end of test
2024-01-12 03:04:15,659 INFO o.a.j.g.u.JMeterMenuBar: setRunning(false, *local*)
2024-01-12 03:04:26,489 INFO o.a.j.e.StandardJMeterEngine: Running the test!
2024-01-12 03:04:26,489 INFO o.a.j.s.SampleEvent: List of sample_variables: []
2024-01-12 03:04:26,489 INFO o.a.j.g.u.JMeterMenuBar: setRunning(true, *local*)
2024-01-12 03:04:26,526 INFO o.a.j.e.StandardJMeterEngine: Starting ThreadGroup: 1 : Thread Group
2024-01-12 03:04:26,526 INFO o.a.j.e.StandardJMeterEngine: Starting 1 threads for group Thread Group.
2024-01-12 03:04:26,526 INFO o.a.j.e.StandardJMeterEngine: Thread will continue on error
2024-01-12 03:04:26,526 INFO o.a.j.t.ThreadGroup: Starting thread group... number=1 threads=1 ramp-up=1 delayedStart=false
2024-01-12 03:04:26,532 INFO o.a.j.t.ThreadGroup: Started thread group number 1
2024-01-12 03:04:26,532 INFO o.a.j.e.StandardJMeterEngine: All thread groups have been started
2024-01-12 03:04:26,533 INFO o.a.j.t.JMeterThread: Thread started: Thread Group 1-1
2024-01-12 03:04:27,131 INFO o.a.j.t.JMeterThread: Thread is done: Thread Group 1-1
2024-01-12 03:04:27,131 INFO o.a.j.t.JMeterThread: Thread finished: Thread Group 1-1
2024-01-12 03:04:27,131 INFO o.a.j.e.StandardJMeterEngine: Notifying test listeners of end of test
2024-01-12 03:04:27,131 INFO o.a.j.g.u.JMeterMenuBar: setRunning(false, *local*)
2024-01-12 03:07:56,161 INFO o.a.j.e.StandardJMeterEngine: Running the test!
2024-01-12 03:07:56,161 INFO o.a.j.s.SampleEvent: List of sample_variables: []
2024-01-12 03:07:56,164 INFO o.a.j.g.u.JMeterMenuBar: setRunning(true, *local*)
2024-01-12 03:07:56,203 INFO o.a.j.e.StandardJMeterEngine: Starting ThreadGroup: 1 : Thread Group
2024-01-12 03:07:56,203 INFO o.a.j.e.StandardJMeterEngine: Starting 1 threads for group Thread Group.
2024-01-12 03:07:56,206 INFO o.a.j.e.StandardJMeterEngine: Thread will continue on error
2024-01-12 03:07:56,206 INFO o.a.j.t.ThreadGroup: Starting thread group... number=1 threads=1 ramp-up=1 delayedStart=false
2024-01-12 03:07:56,206 INFO o.a.j.t.ThreadGroup: Started thread group number 1
2024-01-12 03:07:56,206 INFO o.a.j.e.StandardJMeterEngine: All thread groups have been started
2024-01-12 03:07:56,206 INFO o.a.j.t.JMeterThread: Thread started: Thread Group 1-1
2024-01-12 03:07:57,278 ERROR o.a.j.u.XPathUtil: Type=Val=false Tol=false. org.xml.sax.SAXParseException; lineNumber: 6; columnNumber: 19; Attribute name "async" associated with an element type "script" must be followed by the ' = ' character.
2024-01-12 03:07:57,287 WARN o.a.j.e.XPathExtractor: SAXException while processing (//*[@id="topHeader"]/div/nav[2]/a). Attribute name "async" associated with an element type "script" must be followed by the ' = ' character.
2024-01-12 03:07:57,430 ERROR o.a.j.u.XPathUtil: Type=Val=false Tol=false. org.xml.sax.SAXParseException; lineNumber: 6; columnNumber: 19; Attribute name "async" associated with an element type "script" must be followed by the ' = ' character.
2024-01-12 03:07:57,430 WARN o.a.j.e.XPathExtractor: SAXException while processing (//*[@id="topHeader"]/div/nav[2]/a). Attribute name "async" associated with an element type "script" must be followed by the ' = ' character.
2024-01-12 03:07:57,430 INFO o.a.j.t.JMeterThread: Thread is done: Thread Group 1-1
2024-01-12 03:07:57,430 INFO o.a.j.t.JMeterThread: Thread finished: Thread Group 1-1
2024-01-12 03:07:57,434 INFO o.a.j.e.StandardJMeterEngine: Notifying test listeners of end of test
2024-01-12 03:07:57,434 INFO o.a.j.g.u.JMeterMenuBar: setRunning(false, *local*)
2024-01-12 03:11:26,216 INFO o.a.j.e.StandardJMeterEngine: Running the test!
2024-01-12 03:11:26,216 INFO o.a.j.s.SampleEvent: List of sample_variables: []
2024-01-12 03:11:26,216 INFO o.a.j.g.u.JMeterMenuBar: setRunning(true, *local*)
2024-01-12 03:11:26,262 INFO o.a.j.e.StandardJMeterEngine: Starting ThreadGroup: 1 : Thread Group
2024-01-12 03:11:26,263 INFO o.a.j.e.StandardJMeterEngine: Starting 1 threads for group Thread Group.
2024-01-12 03:11:26,263 INFO o.a.j.e.StandardJMeterEngine: Thread will continue on error
2024-01-12 03:11:26,263 INFO o.a.j.t.ThreadGroup: Starting thread group... number=1 threads=1 ramp-up=1 delayedStart=false
2024-01-12 03:11:26,264 INFO o.a.j.t.ThreadGroup: Started thread group number 1
2024-01-12 03:11:26,264 INFO o.a.j.e.StandardJMeterEngine: All thread groups have been started
2024-01-12 03:11:26,264 INFO o.a.j.t.JMeterThread: Thread started: Thread Group 1-1
2024-01-12 03:11:27,929 INFO o.a.j.t.JMeterThread: Thread is done: Thread Group 1-1
2024-01-12 03:11:27,929 INFO o.a.j.t.JMeterThread: Thread finished: Thread Group 1-1
2024-01-12 03:11:27,931 INFO o.a.j.e.StandardJMeterEngine: Notifying test listeners of end of test
2024-01-12 03:11:27,931 INFO o.a.j.g.u.JMeterMenuBar: setRunning(false, *local*)
2024-01-12 03:12:04,652 INFO o.a.j.e.StandardJMeterEngine: Running the test!
2024-01-12 03:12:04,652 INFO o.a.j.s.SampleEvent: List of sample_variables: []
2024-01-12 03:12:04,652 INFO o.a.j.g.u.JMeterMenuBar: setRunning(true, *local*)
2024-01-12 03:12:04,697 INFO o.a.j.e.StandardJMeterEngine: Starting ThreadGroup: 1 : Thread Group
2024-01-12 03:12:04,697 INFO o.a.j.e.StandardJMeterEngine: Starting 1 threads for group Thread Group.
2024-01-12 03:12:04,697 INFO o.a.j.e.StandardJMeterEngine: Thread will continue on error
2024-01-12 03:12:04,697 INFO o.a.j.t.ThreadGroup: Starting thread group... number=1 threads=1 ramp-up=1 delayedStart=false
2024-01-12 03:12:04,697 INFO o.a.j.t.ThreadGroup: Started thread group number 1
2024-01-12 03:12:04,699 INFO o.a.j.e.StandardJMeterEngine: All thread groups have been started
2024-01-12 03:12:04,699 INFO o.a.j.t.JMeterThread: Thread started: Thread Group 1-1
2024-01-12 03:12:05,372 INFO o.a.j.t.JMeterThread: Thread is done: Thread Group 1-1
2024-01-12 03:12:05,372 INFO o.a.j.t.JMeterThread: Thread finished: Thread Group 1-1
2024-01-12 03:12:05,372 INFO o.a.j.e.StandardJMeterEngine: Notifying test listeners of end of test
2024-01-12 03:12:05,372 INFO o.a.j.g.u.JMeterMenuBar: setRunning(false, *local*)
